c:\users\rbr\source\repos\shadowengine\x86_64\debug\debug\shadowengine\cube.obj
c:\users\rbr\source\repos\shadowengine\x86_64\debug\debug\shadowengine\light.obj
c:\users\rbr\source\repos\shadowengine\x86_64\debug\debug\shadowengine\shaderprograms.obj
c:\users\rbr\source\repos\shadowengine\x86_64\debug\debug\shadowengine\vertexarray.obj
c:\users\rbr\source\repos\shadowengine\x86_64\debug\debug\shadowengine\shaderlayout.obj
c:\users\rbr\source\repos\shadowengine\x86_64\debug\debug\shadowengine\triangle.obj
c:\users\rbr\source\repos\shadowengine\x86_64\debug\debug\shadowengine\renderlayer.obj
c:\users\rbr\source\repos\shadowengine\x86_64\debug\debug\shadowengine\texture2d.obj
c:\users\rbr\source\repos\shadowengine\x86_64\debug\debug\shadowengine\application.obj
c:\users\rbr\source\repos\shadowengine\x86_64\debug\debug\shadowengine\shader.obj
c:\users\rbr\source\repos\shadowengine\x86_64\debug\debug\shadowengine\window.obj
c:\users\rbr\source\repos\shadowengine\x86_64\debug\debug\shadowengine\renderer.obj
c:\users\rbr\source\repos\shadowengine\x86_64\debug\debug\shadowengine\input.obj
c:\users\rbr\source\repos\shadowengine\x86_64\debug\debug\shadowengine\camera.obj
c:\users\rbr\source\repos\shadowengine\x86_64\debug\debug\shadowengine\cubemap.obj
c:\users\rbr\source\repos\shadowengine\x86_64\debug\debug\shadowengine\mesh.obj
c:\users\rbr\source\repos\shadowengine\x86_64\debug\debug\shadowengine\model.obj
c:\users\rbr\source\repos\shadowengine\x86_64\debug\debug\shadowengine\updateablecontainer.obj
c:\users\rbr\source\repos\shadowengine\x86_64\debug\debug\shadowengine\shadowengine.pdb
c:\users\rbr\source\repos\shadowengine\x86_64\debug\debug\shadowengine\physics.obj
c:\users\rbr\source\repos\shadowengine\x86_64\debug\debug\shadowengine\physicalbody.obj
c:\users\rbr\source\repos\shadowengine\x86_64\debug\shadowengine.lib
c:\users\rbr\source\repos\shadowengine\x86_64\debug\debug\shadowengine\shadowengine.idb
c:\users\rbr\source\repos\shadowengine\shadowengine\..\x86_64\debug\shadowengine.lib
c:\users\rbr\source\repos\shadowengine\x86_64\debug\debug\shadowengine\shadowengine.tlog\cl.command.1.tlog
c:\users\rbr\source\repos\shadowengine\x86_64\debug\debug\shadowengine\shadowengine.tlog\cl.read.1.tlog
c:\users\rbr\source\repos\shadowengine\x86_64\debug\debug\shadowengine\shadowengine.tlog\cl.write.1.tlog
c:\users\rbr\source\repos\shadowengine\x86_64\debug\debug\shadowengine\shadowengine.tlog\lib-link.read.1.tlog
c:\users\rbr\source\repos\shadowengine\x86_64\debug\debug\shadowengine\shadowengine.tlog\lib-link.write.1.tlog
c:\users\rbr\source\repos\shadowengine\x86_64\debug\debug\shadowengine\shadowengine.tlog\lib.command.1.tlog
