c:\users\rbr\source\repos\shadowengine\x86_64\release\release\shadowengine\cube.obj
c:\users\rbr\source\repos\shadowengine\x86_64\release\release\shadowengine\texture2d.obj
c:\users\rbr\source\repos\shadowengine\x86_64\release\release\shadowengine\input.obj
c:\users\rbr\source\repos\shadowengine\x86_64\release\release\shadowengine\shaderlayout.obj
c:\users\rbr\source\repos\shadowengine\x86_64\release\release\shadowengine\window.obj
c:\users\rbr\source\repos\shadowengine\x86_64\release\release\shadowengine\camera.obj
c:\users\rbr\source\repos\shadowengine\x86_64\release\release\shadowengine\renderlayer.obj
c:\users\rbr\source\repos\shadowengine\x86_64\release\release\shadowengine\mesh.obj
c:\users\rbr\source\repos\shadowengine\x86_64\release\release\shadowengine\physics.obj
c:\users\rbr\source\repos\shadowengine\x86_64\release\release\shadowengine\shader.obj
c:\users\rbr\source\repos\shadowengine\x86_64\release\release\shadowengine\application.obj
c:\users\rbr\source\repos\shadowengine\x86_64\release\release\shadowengine\shaderprograms.obj
c:\users\rbr\source\repos\shadowengine\x86_64\release\release\shadowengine\model.obj
c:\users\rbr\source\repos\shadowengine\x86_64\release\release\shadowengine\cubemap.obj
c:\users\rbr\source\repos\shadowengine\x86_64\release\release\shadowengine\renderer.obj
c:\users\rbr\source\repos\shadowengine\x86_64\release\release\shadowengine\physicalbody.obj
c:\users\rbr\source\repos\shadowengine\x86_64\release\release\shadowengine\light.obj
c:\users\rbr\source\repos\shadowengine\x86_64\release\release\shadowengine\vertexarray.obj
c:\users\rbr\source\repos\shadowengine\x86_64\release\release\shadowengine\shadowengine.pdb
c:\users\rbr\source\repos\shadowengine\x86_64\release\shadowengine.lib
c:\users\rbr\source\repos\shadowengine\shadowengine\..\x86_64\release\shadowengine.lib
c:\users\rbr\source\repos\shadowengine\x86_64\release\release\shadowengine\shadowengine.tlog\cl.command.1.tlog
c:\users\rbr\source\repos\shadowengine\x86_64\release\release\shadowengine\shadowengine.tlog\cl.read.1.tlog
c:\users\rbr\source\repos\shadowengine\x86_64\release\release\shadowengine\shadowengine.tlog\cl.write.1.tlog
c:\users\rbr\source\repos\shadowengine\x86_64\release\release\shadowengine\shadowengine.tlog\lib-link.read.1.tlog
c:\users\rbr\source\repos\shadowengine\x86_64\release\release\shadowengine\shadowengine.tlog\lib-link.write.1.tlog
c:\users\rbr\source\repos\shadowengine\x86_64\release\release\shadowengine\shadowengine.tlog\lib.command.1.tlog
